[17:49:33] [main/WARN]: Ambiguity between arguments [teleport, destination] and [teleport, targets] with inputs: [Player, 0123, @e, dd12be42-52a9-4a91-a8a1-11c01849e498]
[17:49:33] [main/WARN]: Ambiguity between arguments [teleport, location] and [teleport, destination] with inputs: [0.1 -0.5 .9, 0 0 0]
[17:49:33] [main/WARN]: Ambiguity between arguments [teleport, location] and [teleport, targets] with inputs: [0.1 -0.5 .9, 0 0 0]
[17:49:33] [main/WARN]: Ambiguity between arguments [teleport, targets] and [teleport, destination] with inputs: [Player, 0123, dd12be42-52a9-4a91-a8a1-11c01849e498]
[17:49:33] [main/WARN]: Ambiguity between arguments [teleport, targets, location] and [teleport, targets, destination] with inputs: [0.1 -0.5 .9, 0 0 0]
[17:49:33] [main/INFO]: Reloading ResourceManager: Default
[17:49:35] [Worker-Main-4/INFO]: Loaded 7 recipes
[17:49:35] [Worker-Main-4/INFO]: Loaded 927 advancements
[17:49:37] [Server thread/INFO]: Starting minecraft server version 1.16.1
[17:49:37] [Server thread/INFO]: Loading properties
[17:49:37] [Server thread/INFO]: Default game type: SURVIVAL
[17:49:37] [Server thread/INFO]: Generating keypair
[17:49:37] [Server thread/INFO]: Starting Minecraft server on *:25565
[17:49:37] [Server thread/INFO]: Using epoll channel type
[17:49:37] [Server thread/INFO]: Preparing level "world"
[17:49:37] [Server thread/INFO]: Preparing start region for dimension minecraft:overworld
[17:49:40] [Server thread/INFO]: Preparing spawn area: 0%
[17:49:40] [Server thread/INFO]: Preparing spawn area: 0%
[17:49:40] [Server thread/INFO]: Preparing spawn area: 0%
[17:49:40] [Server thread/INFO]: Preparing spawn area: 0%
[17:49:40] [Server thread/INFO]: Preparing spawn area: 0%
[17:49:43] [Server thread/INFO]: Preparing spawn area: 0%
[17:49:43] [Server thread/INFO]: Preparing spawn area: 0%
[17:49:43] [Server thread/INFO]: Preparing spawn area: 0%
[17:49:43] [Server thread/INFO]: Preparing spawn area: 0%
[17:49:43] [Server thread/INFO]: Preparing spawn area: 0%
[17:49:43] [Server thread/INFO]: Preparing spawn area: 0%
[17:49:43] [Server thread/INFO]: Preparing spawn area: 0%
[17:49:44] [Server thread/INFO]: Preparing spawn area: 84%
[17:49:44] [Server thread/INFO]: Preparing spawn area: 84%
[17:49:44] [Server thread/INFO]: Preparing spawn area: 84%
[17:49:45] [Server thread/INFO]: Time elapsed: 7513 ms
[17:49:45] [Server thread/INFO]: Done (7.647s)! For help, type "help"
[17:50:02] [Server thread/INFO]: Stopping the server
[17:50:03] [Server thread/INFO]: Stopping server
[17:50:03] [Server thread/INFO]: Saving players
[17:50:03] [Server thread/INFO]: Saving worlds
[17:50:03] [Server thread/INFO]: Saving chunks for level 'ServerLevel[world]'/minecraft:overworld
[17:50:04] [Server thread/INFO]: ThreadedAnvilChunkStorage (world): All chunks are saved
[17:50:04] [Server thread/INFO]: Saving chunks for level 'ServerLevel[world]'/minecraft:the_nether
[17:50:04] [Server thread/INFO]: ThreadedAnvilChunkStorage (DIM-1): All chunks are saved
[17:50:04] [Server thread/INFO]: Saving chunks for level 'ServerLevel[world]'/minecraft:the_end
[17:50:04] [Server thread/INFO]: ThreadedAnvilChunkStorage (DIM1): All chunks are saved
[17:50:04] [Server thread/INFO]: ThreadedAnvilChunkStorage (world): All chunks are saved
[17:50:04] [Server thread/INFO]: ThreadedAnvilChunkStorage (DIM-1): All chunks are saved
[17:50:04] [Server thread/INFO]: ThreadedAnvilChunkStorage (DIM1): All chunks are saved
